<?xml version="1.0" encoding="UTF-8"?>
<testsuite name="Busqueda de Vuelos en Latam Airlines" tests="1" skipped="0" failures="0" errors="0" timestamp="2023-09-05T06:28:28" hostname="GREENSQA-P47207" time="62.073">
  <properties/>
  <testcase name="Automatizacion de busqueda de vuelos en Latam Airlines" classname="Busqueda de Vuelos en Latam Airlines" time="62.073"/>
  <system-out><![CDATA[]]></system-out>
  <system-err><![CDATA[[Test worker] WARN net.thucydides.core.steps.BaseStepListener - stepStarted: net.thucydides.core.steps.ExecutedStepDescription@47da3952
[Test worker] WARN net.thucydides.core.steps.BaseStepListener - stepStarted: net.thucydides.core.steps.ExecutedStepDescription@6f3f0fae
sep 05, 2023 1:28:28 AM org.openqa.selenium.remote.DesiredCapabilities chrome
INFORMACIÓN: Using `new ChromeOptions()` is preferred to `DesiredCapabilities.chrome()`
[Test worker] INFO net.serenitybdd.core.webdriver.driverproviders.ProvideNewDriver - Instantiating driver
[Test worker] INFO net.serenitybdd.core.webdriver.driverproviders.ProvideNewDriver - Driver capabilities: Capabilities {acceptInsecureCerts: false, browserName: chrome, chrome.switches: --start-maximized, goog:chromeOptions: {args: [--start-maximized], extensions: []}, loggingPrefs: org.openqa.selenium.logging..., platform: ANY, version: }
Starting ChromeDriver 116.0.5845.96 (1a391816688002153ef791ffe60d9e899a71a037-refs/branch-heads/5845@{#1382}) on port 24416
Only local connections are allowed.
Please see https://chromedriver.chromium.org/security-considerations for suggestions on keeping ChromeDriver safe.
ChromeDriver was started successfully.
sep 05, 2023 1:28:33 AM org.openqa.selenium.remote.ProtocolHandshake createSession
INFORMACIÓN: Detected dialect: W3C
[Test worker] WARN net.thucydides.core.steps.BaseStepListener - stepFinished: current outcome:Automatizacion de busqueda de vuelos en Latam Airlines:Given Vanesa esta en la pagina de inicio de Latam Airlines [Vanesa opens the Pagina inicial]
[Test worker] WARN net.thucydides.core.steps.BaseStepListener - stepFinished: current outcome:Automatizacion de busqueda de vuelos en Latam Airlines:Given Vanesa esta en la pagina de inicio de Latam Airlines [Vanesa opens the Pagina inicial]
[Test worker] WARN net.thucydides.core.steps.BaseStepListener - stepStarted: net.thucydides.core.steps.ExecutedStepDescription@276cc8dc
[Test worker] WARN net.thucydides.core.steps.BaseStepListener - stepStarted: net.thucydides.core.steps.ExecutedStepDescription@4cb702ce
[Test worker] WARN net.thucydides.core.steps.BaseStepListener - stepStarted: net.thucydides.core.steps.ExecutedStepDescription@5ec1963c
[Test worker] WARN net.thucydides.core.steps.BaseStepListener - stepFinished: current outcome:Automatizacion de busqueda de vuelos en Latam Airlines:Given Vanesa esta en la pagina de inicio de Latam Airlines [Vanesa opens the Pagina inicial], When Ella ingresa los siguientes detalles de la reserva
| atrOrigen | atrDestino | atrFechaIda | atrFechaVuelta | atrPasajero |
| Alfonso Bonilla Aragon | El dorado | 22 junio 2024 | 30 junio 2024 | 1 | [Vanesa agregar informacion vuelo [Vanesa clicks on Donde escribimos el origen del vuelo]]
[Test worker] WARN net.thucydides.core.steps.BaseStepListener - stepStarted: net.thucydides.core.steps.ExecutedStepDescription@7af52ec7
[Test worker] WARN net.thucydides.core.steps.BaseStepListener - stepFinished: current outcome:Automatizacion de busqueda de vuelos en Latam Airlines:Given Vanesa esta en la pagina de inicio de Latam Airlines [Vanesa opens the Pagina inicial], When Ella ingresa los siguientes detalles de la reserva
| atrOrigen | atrDestino | atrFechaIda | atrFechaVuelta | atrPasajero |
| Alfonso Bonilla Aragon | El dorado | 22 junio 2024 | 30 junio 2024 | 1 | [Vanesa agregar informacion vuelo [Vanesa clicks on Donde escribimos el origen del vuelo, Vanesa enters 'Alfonso Bonilla Aragon' into Donde escribimos el origen del vuelo]]
[Test worker] WARN net.thucydides.core.steps.BaseStepListener - stepStarted: net.thucydides.core.steps.ExecutedStepDescription@1b482cbf
[Test worker] WARN net.thucydides.core.steps.BaseStepListener - stepFinished: current outcome:Automatizacion de busqueda de vuelos en Latam Airlines:Given Vanesa esta en la pagina de inicio de Latam Airlines [Vanesa opens the Pagina inicial], When Ella ingresa los siguientes detalles de la reserva
| atrOrigen | atrDestino | atrFechaIda | atrFechaVuelta | atrPasajero |
| Alfonso Bonilla Aragon | El dorado | 22 junio 2024 | 30 junio 2024 | 1 | [Vanesa agregar informacion vuelo [Vanesa clicks on Donde escribimos el origen del vuelo, Vanesa enters 'Alfonso Bonilla Aragon' into Donde escribimos el origen del vuelo, Vanesa types 'ARROW_DOWN' in Donde escribimos el origen del vuelo]]
[Test worker] WARN net.thucydides.core.steps.BaseStepListener - stepStarted: net.thucydides.core.steps.ExecutedStepDescription@671ea6ff
[Test worker] WARN net.thucydides.core.steps.BaseStepListener - stepFinished: current outcome:Automatizacion de busqueda de vuelos en Latam Airlines:Given Vanesa esta en la pagina de inicio de Latam Airlines [Vanesa opens the Pagina inicial], When Ella ingresa los siguientes detalles de la reserva
| atrOrigen | atrDestino | atrFechaIda | atrFechaVuelta | atrPasajero |
| Alfonso Bonilla Aragon | El dorado | 22 junio 2024 | 30 junio 2024 | 1 | [Vanesa agregar informacion vuelo [Vanesa clicks on Donde escribimos el origen del vuelo, Vanesa enters 'Alfonso Bonilla Aragon' into Donde escribimos el origen del vuelo, Vanesa types 'ARROW_DOWN' in Donde escribimos el origen del vuelo, Vanesa clicks on Donde ]]
[Test worker] WARN net.thucydides.core.steps.BaseStepListener - stepStarted: net.thucydides.core.steps.ExecutedStepDescription@2e62ead7
[Test worker] WARN net.thucydides.core.steps.BaseStepListener - stepFinished: current outcome:Automatizacion de busqueda de vuelos en Latam Airlines:Given Vanesa esta en la pagina de inicio de Latam Airlines [Vanesa opens the Pagina inicial], When Ella ingresa los siguientes detalles de la reserva
| atrOrigen | atrDestino | atrFechaIda | atrFechaVuelta | atrPasajero |
| Alfonso Bonilla Aragon | El dorado | 22 junio 2024 | 30 junio 2024 | 1 | [Vanesa agregar informacion vuelo [Vanesa clicks on Donde escribimos el origen del vuelo, Vanesa enters 'Alfonso Bonilla Aragon' into Donde escribimos el origen del vuelo, Vanesa types 'ARROW_DOWN' in Donde escribimos el origen del vuelo, Vanesa clicks on Donde , Vanesa enters 'El dorado' into Donde escribimos el destino del vuelo]]
[Test worker] WARN net.thucydides.core.steps.BaseStepListener - stepStarted: net.thucydides.core.steps.ExecutedStepDescription@52226e57
[Test worker] WARN net.thucydides.core.steps.BaseStepListener - stepFinished: current outcome:Automatizacion de busqueda de vuelos en Latam Airlines:Given Vanesa esta en la pagina de inicio de Latam Airlines [Vanesa opens the Pagina inicial], When Ella ingresa los siguientes detalles de la reserva
| atrOrigen | atrDestino | atrFechaIda | atrFechaVuelta | atrPasajero |
| Alfonso Bonilla Aragon | El dorado | 22 junio 2024 | 30 junio 2024 | 1 | [Vanesa agregar informacion vuelo [Vanesa clicks on Donde escribimos el origen del vuelo, Vanesa enters 'Alfonso Bonilla Aragon' into Donde escribimos el origen del vuelo, Vanesa types 'ARROW_DOWN' in Donde escribimos el origen del vuelo, Vanesa clicks on Donde , Vanesa enters 'El dorado' into Donde escribimos el destino del vuelo, Vanesa types 'ARROW_DOWN' in Donde escribimos el destino del vuelo]]
[Test worker] WARN net.thucydides.core.steps.BaseStepListener - stepStarted: net.thucydides.core.steps.ExecutedStepDescription@f25f48a
[Test worker] WARN net.thucydides.core.steps.BaseStepListener - stepFinished: current outcome:Automatizacion de busqueda de vuelos en Latam Airlines:Given Vanesa esta en la pagina de inicio de Latam Airlines [Vanesa opens the Pagina inicial], When Ella ingresa los siguientes detalles de la reserva
| atrOrigen | atrDestino | atrFechaIda | atrFechaVuelta | atrPasajero |
| Alfonso Bonilla Aragon | El dorado | 22 junio 2024 | 30 junio 2024 | 1 | [Vanesa agregar informacion vuelo [Vanesa clicks on Donde escribimos el origen del vuelo, Vanesa enters 'Alfonso Bonilla Aragon' into Donde escribimos el origen del vuelo, Vanesa types 'ARROW_DOWN' in Donde escribimos el origen del vuelo, Vanesa clicks on Donde , Vanesa enters 'El dorado' into Donde escribimos el destino del vuelo, Vanesa types 'ARROW_DOWN' in Donde escribimos el destino del vuelo, Vanesa clicks on Donde ]]
[Test worker] WARN net.thucydides.core.steps.BaseStepListener - stepStarted: net.thucydides.core.steps.ExecutedStepDescription@ca8ef3a
[Test worker] WARN net.thucydides.core.steps.BaseStepListener - stepFinished: current outcome:Automatizacion de busqueda de vuelos en Latam Airlines:Given Vanesa esta en la pagina de inicio de Latam Airlines [Vanesa opens the Pagina inicial], When Ella ingresa los siguientes detalles de la reserva
| atrOrigen | atrDestino | atrFechaIda | atrFechaVuelta | atrPasajero |
| Alfonso Bonilla Aragon | El dorado | 22 junio 2024 | 30 junio 2024 | 1 | [Vanesa agregar informacion vuelo [Vanesa clicks on Donde escribimos el origen del vuelo, Vanesa enters 'Alfonso Bonilla Aragon' into Donde escribimos el origen del vuelo, Vanesa types 'ARROW_DOWN' in Donde escribimos el origen del vuelo, Vanesa clicks on Donde , Vanesa enters 'El dorado' into Donde escribimos el destino del vuelo, Vanesa types 'ARROW_DOWN' in Donde escribimos el destino del vuelo, Vanesa clicks on Donde , Vanesa clicks on Donde escribimos la fecha de ida del vuelo]]
[Test worker] WARN net.thucydides.core.steps.BaseStepListener - stepStarted: net.thucydides.core.steps.ExecutedStepDescription@5a7df831
[Test worker] WARN net.thucydides.core.steps.BaseStepListener - stepFinished: current outcome:Automatizacion de busqueda de vuelos en Latam Airlines:Given Vanesa esta en la pagina de inicio de Latam Airlines [Vanesa opens the Pagina inicial], When Ella ingresa los siguientes detalles de la reserva
| atrOrigen | atrDestino | atrFechaIda | atrFechaVuelta | atrPasajero |
| Alfonso Bonilla Aragon | El dorado | 22 junio 2024 | 30 junio 2024 | 1 | [Vanesa agregar informacion vuelo [Vanesa clicks on Donde escribimos el origen del vuelo, Vanesa enters 'Alfonso Bonilla Aragon' into Donde escribimos el origen del vuelo, Vanesa types 'ARROW_DOWN' in Donde escribimos el origen del vuelo, Vanesa clicks on Donde , Vanesa enters 'El dorado' into Donde escribimos el destino del vuelo, Vanesa types 'ARROW_DOWN' in Donde escribimos el destino del vuelo, Vanesa clicks on Donde , Vanesa clicks on Donde escribimos la fecha de ida del vuelo, Vanesa clicks on Boton para que cargue los siguientes meses]]
[Test worker] WARN net.thucydides.core.steps.BaseStepListener - stepStarted: net.thucydides.core.steps.ExecutedStepDescription@3c232051
[Test worker] WARN net.thucydides.core.steps.BaseStepListener - stepFinished: current outcome:Automatizacion de busqueda de vuelos en Latam Airlines:Given Vanesa esta en la pagina de inicio de Latam Airlines [Vanesa opens the Pagina inicial], When Ella ingresa los siguientes detalles de la reserva
| atrOrigen | atrDestino | atrFechaIda | atrFechaVuelta | atrPasajero |
| Alfonso Bonilla Aragon | El dorado | 22 junio 2024 | 30 junio 2024 | 1 | [Vanesa agregar informacion vuelo [Vanesa clicks on Donde escribimos el origen del vuelo, Vanesa enters 'Alfonso Bonilla Aragon' into Donde escribimos el origen del vuelo, Vanesa types 'ARROW_DOWN' in Donde escribimos el origen del vuelo, Vanesa clicks on Donde , Vanesa enters 'El dorado' into Donde escribimos el destino del vuelo, Vanesa types 'ARROW_DOWN' in Donde escribimos el destino del vuelo, Vanesa clicks on Donde , Vanesa clicks on Donde escribimos la fecha de ida del vuelo, Vanesa clicks on Boton para que cargue los siguientes meses, Vanesa clicks on Boton para que cargue los siguientes meses]]
[Test worker] WARN net.thucydides.core.steps.BaseStepListener - stepStarted: net.thucydides.core.steps.ExecutedStepDescription@3bfae028
[Test worker] WARN net.thucydides.core.steps.BaseStepListener - stepFinished: current outcome:Automatizacion de busqueda de vuelos en Latam Airlines:Given Vanesa esta en la pagina de inicio de Latam Airlines [Vanesa opens the Pagina inicial], When Ella ingresa los siguientes detalles de la reserva
| atrOrigen | atrDestino | atrFechaIda | atrFechaVuelta | atrPasajero |
| Alfonso Bonilla Aragon | El dorado | 22 junio 2024 | 30 junio 2024 | 1 | [Vanesa agregar informacion vuelo [Vanesa clicks on Donde escribimos el origen del vuelo, Vanesa enters 'Alfonso Bonilla Aragon' into Donde escribimos el origen del vuelo, Vanesa types 'ARROW_DOWN' in Donde escribimos el origen del vuelo, Vanesa clicks on Donde , Vanesa enters 'El dorado' into Donde escribimos el destino del vuelo, Vanesa types 'ARROW_DOWN' in Donde escribimos el destino del vuelo, Vanesa clicks on Donde , Vanesa clicks on Donde escribimos la fecha de ida del vuelo, Vanesa clicks on Boton para que cargue los siguientes meses, Vanesa clicks on Boton para que cargue los siguientes meses, Vanesa clicks on Boton para que cargue los siguientes meses]]
[Test worker] WARN net.thucydides.core.steps.BaseStepListener - stepStarted: net.thucydides.core.steps.ExecutedStepDescription@469a7575
[Test worker] WARN net.thucydides.core.steps.BaseStepListener - stepFinished: current outcome:Automatizacion de busqueda de vuelos en Latam Airlines:Given Vanesa esta en la pagina de inicio de Latam Airlines [Vanesa opens the Pagina inicial], When Ella ingresa los siguientes detalles de la reserva
| atrOrigen | atrDestino | atrFechaIda | atrFechaVuelta | atrPasajero |
| Alfonso Bonilla Aragon | El dorado | 22 junio 2024 | 30 junio 2024 | 1 | [Vanesa agregar informacion vuelo [Vanesa clicks on Donde escribimos el origen del vuelo, Vanesa enters 'Alfonso Bonilla Aragon' into Donde escribimos el origen del vuelo, Vanesa types 'ARROW_DOWN' in Donde escribimos el origen del vuelo, Vanesa clicks on Donde , Vanesa enters 'El dorado' into Donde escribimos el destino del vuelo, Vanesa types 'ARROW_DOWN' in Donde escribimos el destino del vuelo, Vanesa clicks on Donde , Vanesa clicks on Donde escribimos la fecha de ida del vuelo, Vanesa clicks on Boton para que cargue los siguientes meses, Vanesa clicks on Boton para que cargue los siguientes meses, Vanesa clicks on Boton para que cargue los siguientes meses, Vanesa clicks on Boton para que cargue los siguientes meses]]
[Test worker] WARN net.thucydides.core.steps.BaseStepListener - stepStarted: net.thucydides.core.steps.ExecutedStepDescription@59a2388e
[Test worker] WARN net.thucydides.core.steps.BaseStepListener - stepFinished: current outcome:Automatizacion de busqueda de vuelos en Latam Airlines:Given Vanesa esta en la pagina de inicio de Latam Airlines [Vanesa opens the Pagina inicial], When Ella ingresa los siguientes detalles de la reserva
| atrOrigen | atrDestino | atrFechaIda | atrFechaVuelta | atrPasajero |
| Alfonso Bonilla Aragon | El dorado | 22 junio 2024 | 30 junio 2024 | 1 | [Vanesa agregar informacion vuelo [Vanesa clicks on Donde escribimos el origen del vuelo, Vanesa enters 'Alfonso Bonilla Aragon' into Donde escribimos el origen del vuelo, Vanesa types 'ARROW_DOWN' in Donde escribimos el origen del vuelo, Vanesa clicks on Donde , Vanesa enters 'El dorado' into Donde escribimos el destino del vuelo, Vanesa types 'ARROW_DOWN' in Donde escribimos el destino del vuelo, Vanesa clicks on Donde , Vanesa clicks on Donde escribimos la fecha de ida del vuelo, Vanesa clicks on Boton para que cargue los siguientes meses, Vanesa clicks on Boton para que cargue los siguientes meses, Vanesa clicks on Boton para que cargue los siguientes meses, Vanesa clicks on Boton para que cargue los siguientes meses, Vanesa clicks on Boton para que cargue los siguientes meses]]
[Test worker] WARN net.thucydides.core.steps.BaseStepListener - stepStarted: net.thucydides.core.steps.ExecutedStepDescription@7f0b93b4
[Test worker] WARN net.thucydides.core.steps.BaseStepListener - stepFinished: current outcome:Automatizacion de busqueda de vuelos en Latam Airlines:Given Vanesa esta en la pagina de inicio de Latam Airlines [Vanesa opens the Pagina inicial], When Ella ingresa los siguientes detalles de la reserva
| atrOrigen | atrDestino | atrFechaIda | atrFechaVuelta | atrPasajero |
| Alfonso Bonilla Aragon | El dorado | 22 junio 2024 | 30 junio 2024 | 1 | [Vanesa agregar informacion vuelo [Vanesa clicks on Donde escribimos el origen del vuelo, Vanesa enters 'Alfonso Bonilla Aragon' into Donde escribimos el origen del vuelo, Vanesa types 'ARROW_DOWN' in Donde escribimos el origen del vuelo, Vanesa clicks on Donde , Vanesa enters 'El dorado' into Donde escribimos el destino del vuelo, Vanesa types 'ARROW_DOWN' in Donde escribimos el destino del vuelo, Vanesa clicks on Donde , Vanesa clicks on Donde escribimos la fecha de ida del vuelo, Vanesa clicks on Boton para que cargue los siguientes meses, Vanesa clicks on Boton para que cargue los siguientes meses, Vanesa clicks on Boton para que cargue los siguientes meses, Vanesa clicks on Boton para que cargue los siguientes meses, Vanesa clicks on Boton para que cargue los siguientes meses, Vanesa clicks on Boton para que cargue los siguientes meses]]
[Test worker] WARN net.thucydides.core.steps.BaseStepListener - stepStarted: net.thucydides.core.steps.ExecutedStepDescription@6d6ac396
[Test worker] WARN net.thucydides.core.steps.BaseStepListener - stepFinished: current outcome:Automatizacion de busqueda de vuelos en Latam Airlines:Given Vanesa esta en la pagina de inicio de Latam Airlines [Vanesa opens the Pagina inicial], When Ella ingresa los siguientes detalles de la reserva
| atrOrigen | atrDestino | atrFechaIda | atrFechaVuelta | atrPasajero |
| Alfonso Bonilla Aragon | El dorado | 22 junio 2024 | 30 junio 2024 | 1 | [Vanesa agregar informacion vuelo [Vanesa clicks on Donde escribimos el origen del vuelo, Vanesa enters 'Alfonso Bonilla Aragon' into Donde escribimos el origen del vuelo, Vanesa types 'ARROW_DOWN' in Donde escribimos el origen del vuelo, Vanesa clicks on Donde , Vanesa enters 'El dorado' into Donde escribimos el destino del vuelo, Vanesa types 'ARROW_DOWN' in Donde escribimos el destino del vuelo, Vanesa clicks on Donde , Vanesa clicks on Donde escribimos la fecha de ida del vuelo, Vanesa clicks on Boton para que cargue los siguientes meses, Vanesa clicks on Boton para que cargue los siguientes meses, Vanesa clicks on Boton para que cargue los siguientes meses, Vanesa clicks on Boton para que cargue los siguientes meses, Vanesa clicks on Boton para que cargue los siguientes meses, Vanesa clicks on Boton para que cargue los siguientes meses, Vanesa clicks on Boton para que cargue los siguientes meses]]
[Test worker] WARN net.thucydides.core.steps.BaseStepListener - stepStarted: net.thucydides.core.steps.ExecutedStepDescription@664e848c
[Test worker] WARN net.thucydides.core.steps.BaseStepListener - stepFinished: current outcome:Automatizacion de busqueda de vuelos en Latam Airlines:Given Vanesa esta en la pagina de inicio de Latam Airlines [Vanesa opens the Pagina inicial], When Ella ingresa los siguientes detalles de la reserva
| atrOrigen | atrDestino | atrFechaIda | atrFechaVuelta | atrPasajero |
| Alfonso Bonilla Aragon | El dorado | 22 junio 2024 | 30 junio 2024 | 1 | [Vanesa agregar informacion vuelo [Vanesa clicks on Donde escribimos el origen del vuelo, Vanesa enters 'Alfonso Bonilla Aragon' into Donde escribimos el origen del vuelo, Vanesa types 'ARROW_DOWN' in Donde escribimos el origen del vuelo, Vanesa clicks on Donde , Vanesa enters 'El dorado' into Donde escribimos el destino del vuelo, Vanesa types 'ARROW_DOWN' in Donde escribimos el destino del vuelo, Vanesa clicks on Donde , Vanesa clicks on Donde escribimos la fecha de ida del vuelo, Vanesa clicks on Boton para que cargue los siguientes meses, Vanesa clicks on Boton para que cargue los siguientes meses, Vanesa clicks on Boton para que cargue los siguientes meses, Vanesa clicks on Boton para que cargue los siguientes meses, Vanesa clicks on Boton para que cargue los siguientes meses, Vanesa clicks on Boton para que cargue los siguientes meses, Vanesa clicks on Boton para que cargue los siguientes meses, Vanesa clicks on Boton para que cargue los siguientes meses]]
[Test worker] WARN net.thucydides.core.steps.BaseStepListener - stepStarted: net.thucydides.core.steps.ExecutedStepDescription@6c977dcf
[Test worker] WARN net.thucydides.core.steps.BaseStepListener - stepFinished: current outcome:Automatizacion de busqueda de vuelos en Latam Airlines:Given Vanesa esta en la pagina de inicio de Latam Airlines [Vanesa opens the Pagina inicial], When Ella ingresa los siguientes detalles de la reserva
| atrOrigen | atrDestino | atrFechaIda | atrFechaVuelta | atrPasajero |
| Alfonso Bonilla Aragon | El dorado | 22 junio 2024 | 30 junio 2024 | 1 | [Vanesa agregar informacion vuelo [Vanesa clicks on Donde escribimos el origen del vuelo, Vanesa enters 'Alfonso Bonilla Aragon' into Donde escribimos el origen del vuelo, Vanesa types 'ARROW_DOWN' in Donde escribimos el origen del vuelo, Vanesa clicks on Donde , Vanesa enters 'El dorado' into Donde escribimos el destino del vuelo, Vanesa types 'ARROW_DOWN' in Donde escribimos el destino del vuelo, Vanesa clicks on Donde , Vanesa clicks on Donde escribimos la fecha de ida del vuelo, Vanesa clicks on Boton para que cargue los siguientes meses, Vanesa clicks on Boton para que cargue los siguientes meses, Vanesa clicks on Boton para que cargue los siguientes meses, Vanesa clicks on Boton para que cargue los siguientes meses, Vanesa clicks on Boton para que cargue los siguientes meses, Vanesa clicks on Boton para que cargue los siguientes meses, Vanesa clicks on Boton para que cargue los siguientes meses, Vanesa clicks on Boton para que cargue los siguientes meses, Vanesa clicks on Boton para que cargue los siguientes meses]]
[Test worker] WARN net.thucydides.core.steps.BaseStepListener - stepStarted: net.thucydides.core.steps.ExecutedStepDescription@2b80e5a9
[Test worker] WARN net.thucydides.core.steps.BaseStepListener - stepFinished: current outcome:Automatizacion de busqueda de vuelos en Latam Airlines:Given Vanesa esta en la pagina de inicio de Latam Airlines [Vanesa opens the Pagina inicial], When Ella ingresa los siguientes detalles de la reserva
| atrOrigen | atrDestino | atrFechaIda | atrFechaVuelta | atrPasajero |
| Alfonso Bonilla Aragon | El dorado | 22 junio 2024 | 30 junio 2024 | 1 | [Vanesa agregar informacion vuelo [Vanesa clicks on Donde escribimos el origen del vuelo, Vanesa enters 'Alfonso Bonilla Aragon' into Donde escribimos el origen del vuelo, Vanesa types 'ARROW_DOWN' in Donde escribimos el origen del vuelo, Vanesa clicks on Donde , Vanesa enters 'El dorado' into Donde escribimos el destino del vuelo, Vanesa types 'ARROW_DOWN' in Donde escribimos el destino del vuelo, Vanesa clicks on Donde , Vanesa clicks on Donde escribimos la fecha de ida del vuelo, Vanesa clicks on Boton para que cargue los siguientes meses, Vanesa clicks on Boton para que cargue los siguientes meses, Vanesa clicks on Boton para que cargue los siguientes meses, Vanesa clicks on Boton para que cargue los siguientes meses, Vanesa clicks on Boton para que cargue los siguientes meses, Vanesa clicks on Boton para que cargue los siguientes meses, Vanesa clicks on Boton para que cargue los siguientes meses, Vanesa clicks on Boton para que cargue los siguientes meses, Vanesa clicks on Boton para que cargue los siguientes meses, Vanesa clicks on [[ChromeDriver: chrome on WINDOWS (91162612de852b6fa1e9faa3c2c0111f)] -> xpath: //*[@id="calendarContainer"]/div/div/div/div/div[2]/div[2]/div//div[3]//td/span]]]
[Test worker] WARN net.thucydides.core.steps.BaseStepListener - stepStarted: net.thucydides.core.steps.ExecutedStepDescription@29d405e6
[Test worker] WARN net.thucydides.core.steps.BaseStepListener - stepFinished: current outcome:Automatizacion de busqueda de vuelos en Latam Airlines:Given Vanesa esta en la pagina de inicio de Latam Airlines [Vanesa opens the Pagina inicial], When Ella ingresa los siguientes detalles de la reserva
| atrOrigen | atrDestino | atrFechaIda | atrFechaVuelta | atrPasajero |
| Alfonso Bonilla Aragon | El dorado | 22 junio 2024 | 30 junio 2024 | 1 | [Vanesa agregar informacion vuelo [Vanesa clicks on Donde escribimos el origen del vuelo, Vanesa enters 'Alfonso Bonilla Aragon' into Donde escribimos el origen del vuelo, Vanesa types 'ARROW_DOWN' in Donde escribimos el origen del vuelo, Vanesa clicks on Donde , Vanesa enters 'El dorado' into Donde escribimos el destino del vuelo, Vanesa types 'ARROW_DOWN' in Donde escribimos el destino del vuelo, Vanesa clicks on Donde , Vanesa clicks on Donde escribimos la fecha de ida del vuelo, Vanesa clicks on Boton para que cargue los siguientes meses, Vanesa clicks on Boton para que cargue los siguientes meses, Vanesa clicks on Boton para que cargue los siguientes meses, Vanesa clicks on Boton para que cargue los siguientes meses, Vanesa clicks on Boton para que cargue los siguientes meses, Vanesa clicks on Boton para que cargue los siguientes meses, Vanesa clicks on Boton para que cargue los siguientes meses, Vanesa clicks on Boton para que cargue los siguientes meses, Vanesa clicks on Boton para que cargue los siguientes meses, Vanesa clicks on [[ChromeDriver: chrome on WINDOWS (91162612de852b6fa1e9faa3c2c0111f)] -> xpath: //*[@id="calendarContainer"]/div/div/div/div/div[2]/div[2]/div//div[3]//td/span], Vanesa clicks on [[ChromeDriver: chrome on WINDOWS (91162612de852b6fa1e9faa3c2c0111f)] -> xpath: //*[@id="calendarContainer"]/div/div/div/div/div[2]/div[2]/div//div[3]//td/span]]]
[Test worker] WARN net.thucydides.core.steps.BaseStepListener - stepStarted: net.thucydides.core.steps.ExecutedStepDescription@5696c927
[Test worker] WARN net.thucydides.core.steps.BaseStepListener - stepFinished: current outcome:Automatizacion de busqueda de vuelos en Latam Airlines:Given Vanesa esta en la pagina de inicio de Latam Airlines [Vanesa opens the Pagina inicial], When Ella ingresa los siguientes detalles de la reserva
| atrOrigen | atrDestino | atrFechaIda | atrFechaVuelta | atrPasajero |
| Alfonso Bonilla Aragon | El dorado | 22 junio 2024 | 30 junio 2024 | 1 | [Vanesa agregar informacion vuelo [Vanesa clicks on Donde escribimos el origen del vuelo, Vanesa enters 'Alfonso Bonilla Aragon' into Donde escribimos el origen del vuelo, Vanesa types 'ARROW_DOWN' in Donde escribimos el origen del vuelo, Vanesa clicks on Donde , Vanesa enters 'El dorado' into Donde escribimos el destino del vuelo, Vanesa types 'ARROW_DOWN' in Donde escribimos el destino del vuelo, Vanesa clicks on Donde , Vanesa clicks on Donde escribimos la fecha de ida del vuelo, Vanesa clicks on Boton para que cargue los siguientes meses, Vanesa clicks on Boton para que cargue los siguientes meses, Vanesa clicks on Boton para que cargue los siguientes meses, Vanesa clicks on Boton para que cargue los siguientes meses, Vanesa clicks on Boton para que cargue los siguientes meses, Vanesa clicks on Boton para que cargue los siguientes meses, Vanesa clicks on Boton para que cargue los siguientes meses, Vanesa clicks on Boton para que cargue los siguientes meses, Vanesa clicks on Boton para que cargue los siguientes meses, Vanesa clicks on [[ChromeDriver: chrome on WINDOWS (91162612de852b6fa1e9faa3c2c0111f)] -> xpath: //*[@id="calendarContainer"]/div/div/div/div/div[2]/div[2]/div//div[3]//td/span], Vanesa clicks on [[ChromeDriver: chrome on WINDOWS (91162612de852b6fa1e9faa3c2c0111f)] -> xpath: //*[@id="calendarContainer"]/div/div/div/div/div[2]/div[2]/div//div[3]//td/span], Vanesa clicks on Boton para buscar los vuelos]]
[Test worker] WARN net.thucydides.core.steps.BaseStepListener - stepFinished: current outcome:Automatizacion de busqueda de vuelos en Latam Airlines:Given Vanesa esta en la pagina de inicio de Latam Airlines [Vanesa opens the Pagina inicial], When Ella ingresa los siguientes detalles de la reserva
| atrOrigen | atrDestino | atrFechaIda | atrFechaVuelta | atrPasajero |
| Alfonso Bonilla Aragon | El dorado | 22 junio 2024 | 30 junio 2024 | 1 | [Vanesa agregar informacion vuelo [Vanesa clicks on Donde escribimos el origen del vuelo, Vanesa enters 'Alfonso Bonilla Aragon' into Donde escribimos el origen del vuelo, Vanesa types 'ARROW_DOWN' in Donde escribimos el origen del vuelo, Vanesa clicks on Donde , Vanesa enters 'El dorado' into Donde escribimos el destino del vuelo, Vanesa types 'ARROW_DOWN' in Donde escribimos el destino del vuelo, Vanesa clicks on Donde , Vanesa clicks on Donde escribimos la fecha de ida del vuelo, Vanesa clicks on Boton para que cargue los siguientes meses, Vanesa clicks on Boton para que cargue los siguientes meses, Vanesa clicks on Boton para que cargue los siguientes meses, Vanesa clicks on Boton para que cargue los siguientes meses, Vanesa clicks on Boton para que cargue los siguientes meses, Vanesa clicks on Boton para que cargue los siguientes meses, Vanesa clicks on Boton para que cargue los siguientes meses, Vanesa clicks on Boton para que cargue los siguientes meses, Vanesa clicks on Boton para que cargue los siguientes meses, Vanesa clicks on [[ChromeDriver: chrome on WINDOWS (91162612de852b6fa1e9faa3c2c0111f)] -> xpath: //*[@id="calendarContainer"]/div/div/div/div/div[2]/div[2]/div//div[3]//td/span], Vanesa clicks on [[ChromeDriver: chrome on WINDOWS (91162612de852b6fa1e9faa3c2c0111f)] -> xpath: //*[@id="calendarContainer"]/div/div/div/div/div[2]/div[2]/div//div[3]//td/span], Vanesa clicks on Boton para buscar los vuelos]]
[Test worker] WARN net.thucydides.core.steps.BaseStepListener - stepStarted: net.thucydides.core.steps.ExecutedStepDescription@c1e14f
[Test worker] WARN net.thucydides.core.steps.BaseStepListener - stepFinished: current outcome:Automatizacion de busqueda de vuelos en Latam Airlines:Given Vanesa esta en la pagina de inicio de Latam Airlines [Vanesa opens the Pagina inicial], When Ella ingresa los siguientes detalles de la reserva
| atrOrigen | atrDestino | atrFechaIda | atrFechaVuelta | atrPasajero |
| Alfonso Bonilla Aragon | El dorado | 22 junio 2024 | 30 junio 2024 | 1 | [Vanesa agregar informacion vuelo [Vanesa clicks on Donde escribimos el origen del vuelo, Vanesa enters 'Alfonso Bonilla Aragon' into Donde escribimos el origen del vuelo, Vanesa types 'ARROW_DOWN' in Donde escribimos el origen del vuelo, Vanesa clicks on Donde , Vanesa enters 'El dorado' into Donde escribimos el destino del vuelo, Vanesa types 'ARROW_DOWN' in Donde escribimos el destino del vuelo, Vanesa clicks on Donde , Vanesa clicks on Donde escribimos la fecha de ida del vuelo, Vanesa clicks on Boton para que cargue los siguientes meses, Vanesa clicks on Boton para que cargue los siguientes meses, Vanesa clicks on Boton para que cargue los siguientes meses, Vanesa clicks on Boton para que cargue los siguientes meses, Vanesa clicks on Boton para que cargue los siguientes meses, Vanesa clicks on Boton para que cargue los siguientes meses, Vanesa clicks on Boton para que cargue los siguientes meses, Vanesa clicks on Boton para que cargue los siguientes meses, Vanesa clicks on Boton para que cargue los siguientes meses, Vanesa clicks on [[ChromeDriver: chrome on WINDOWS (91162612de852b6fa1e9faa3c2c0111f)] -> xpath: //*[@id="calendarContainer"]/div/div/div/div/div[2]/div[2]/div//div[3]//td/span], Vanesa clicks on [[ChromeDriver: chrome on WINDOWS (91162612de852b6fa1e9faa3c2c0111f)] -> xpath: //*[@id="calendarContainer"]/div/div/div/div/div[2]/div[2]/div//div[3]//td/span], Vanesa clicks on Boton para buscar los vuelos], Vanesa cambiar pestania]
[Test worker] WARN net.thucydides.core.steps.BaseStepListener - stepFinished: current outcome:Automatizacion de busqueda de vuelos en Latam Airlines:Given Vanesa esta en la pagina de inicio de Latam Airlines [Vanesa opens the Pagina inicial], When Ella ingresa los siguientes detalles de la reserva
| atrOrigen | atrDestino | atrFechaIda | atrFechaVuelta | atrPasajero |
| Alfonso Bonilla Aragon | El dorado | 22 junio 2024 | 30 junio 2024 | 1 | [Vanesa agregar informacion vuelo [Vanesa clicks on Donde escribimos el origen del vuelo, Vanesa enters 'Alfonso Bonilla Aragon' into Donde escribimos el origen del vuelo, Vanesa types 'ARROW_DOWN' in Donde escribimos el origen del vuelo, Vanesa clicks on Donde , Vanesa enters 'El dorado' into Donde escribimos el destino del vuelo, Vanesa types 'ARROW_DOWN' in Donde escribimos el destino del vuelo, Vanesa clicks on Donde , Vanesa clicks on Donde escribimos la fecha de ida del vuelo, Vanesa clicks on Boton para que cargue los siguientes meses, Vanesa clicks on Boton para que cargue los siguientes meses, Vanesa clicks on Boton para que cargue los siguientes meses, Vanesa clicks on Boton para que cargue los siguientes meses, Vanesa clicks on Boton para que cargue los siguientes meses, Vanesa clicks on Boton para que cargue los siguientes meses, Vanesa clicks on Boton para que cargue los siguientes meses, Vanesa clicks on Boton para que cargue los siguientes meses, Vanesa clicks on Boton para que cargue los siguientes meses, Vanesa clicks on [[ChromeDriver: chrome on WINDOWS (91162612de852b6fa1e9faa3c2c0111f)] -> xpath: //*[@id="calendarContainer"]/div/div/div/div/div[2]/div[2]/div//div[3]//td/span], Vanesa clicks on [[ChromeDriver: chrome on WINDOWS (91162612de852b6fa1e9faa3c2c0111f)] -> xpath: //*[@id="calendarContainer"]/div/div/div/div/div[2]/div[2]/div//div[3]//td/span], Vanesa clicks on Boton para buscar los vuelos], Vanesa cambiar pestania]
[Test worker] WARN net.thucydides.core.steps.BaseStepListener - stepStarted: net.thucydides.core.steps.ExecutedStepDescription@647b9364
[Test worker] WARN net.thucydides.core.steps.BaseStepListener - stepStarted: net.thucydides.core.steps.ExecutedStepDescription@1129829c
[Test worker] WARN net.thucydides.core.steps.BaseStepListener - stepFinished: current outcome:Automatizacion de busqueda de vuelos en Latam Airlines:Given Vanesa esta en la pagina de inicio de Latam Airlines [Vanesa opens the Pagina inicial], When Ella ingresa los siguientes detalles de la reserva
| atrOrigen | atrDestino | atrFechaIda | atrFechaVuelta | atrPasajero |
| Alfonso Bonilla Aragon | El dorado | 22 junio 2024 | 30 junio 2024 | 1 | [Vanesa agregar informacion vuelo [Vanesa clicks on Donde escribimos el origen del vuelo, Vanesa enters 'Alfonso Bonilla Aragon' into Donde escribimos el origen del vuelo, Vanesa types 'ARROW_DOWN' in Donde escribimos el origen del vuelo, Vanesa clicks on Donde , Vanesa enters 'El dorado' into Donde escribimos el destino del vuelo, Vanesa types 'ARROW_DOWN' in Donde escribimos el destino del vuelo, Vanesa clicks on Donde , Vanesa clicks on Donde escribimos la fecha de ida del vuelo, Vanesa clicks on Boton para que cargue los siguientes meses, Vanesa clicks on Boton para que cargue los siguientes meses, Vanesa clicks on Boton para que cargue los siguientes meses, Vanesa clicks on Boton para que cargue los siguientes meses, Vanesa clicks on Boton para que cargue los siguientes meses, Vanesa clicks on Boton para que cargue los siguientes meses, Vanesa clicks on Boton para que cargue los siguientes meses, Vanesa clicks on Boton para que cargue los siguientes meses, Vanesa clicks on Boton para que cargue los siguientes meses, Vanesa clicks on [[ChromeDriver: chrome on WINDOWS (91162612de852b6fa1e9faa3c2c0111f)] -> xpath: //*[@id="calendarContainer"]/div/div/div/div/div[2]/div[2]/div//div[3]//td/span], Vanesa clicks on [[ChromeDriver: chrome on WINDOWS (91162612de852b6fa1e9faa3c2c0111f)] -> xpath: //*[@id="calendarContainer"]/div/div/div/div/div[2]/div[2]/div//div[3]//td/span], Vanesa clicks on Boton para buscar los vuelos], Vanesa cambiar pestania], Then deberia ver una lista de vuelos disponibles para el destino y las fechas especificadas [Then encontro vuelodisponible]
[Test worker] WARN net.thucydides.core.steps.BaseStepListener - stepStarted: net.thucydides.core.steps.ExecutedStepDescription@28a6e171
[Test worker] WARN net.thucydides.core.steps.BaseStepListener - stepStarted: net.thucydides.core.steps.ExecutedStepDescription@29962b2f
[Test worker] WARN net.thucydides.core.steps.BaseStepListener - stepFinished: current outcome:Automatizacion de busqueda de vuelos en Latam Airlines:Given Vanesa esta en la pagina de inicio de Latam Airlines [Vanesa opens the Pagina inicial], When Ella ingresa los siguientes detalles de la reserva
| atrOrigen | atrDestino | atrFechaIda | atrFechaVuelta | atrPasajero |
| Alfonso Bonilla Aragon | El dorado | 22 junio 2024 | 30 junio 2024 | 1 | [Vanesa agregar informacion vuelo [Vanesa clicks on Donde escribimos el origen del vuelo, Vanesa enters 'Alfonso Bonilla Aragon' into Donde escribimos el origen del vuelo, Vanesa types 'ARROW_DOWN' in Donde escribimos el origen del vuelo, Vanesa clicks on Donde , Vanesa enters 'El dorado' into Donde escribimos el destino del vuelo, Vanesa types 'ARROW_DOWN' in Donde escribimos el destino del vuelo, Vanesa clicks on Donde , Vanesa clicks on Donde escribimos la fecha de ida del vuelo, Vanesa clicks on Boton para que cargue los siguientes meses, Vanesa clicks on Boton para que cargue los siguientes meses, Vanesa clicks on Boton para que cargue los siguientes meses, Vanesa clicks on Boton para que cargue los siguientes meses, Vanesa clicks on Boton para que cargue los siguientes meses, Vanesa clicks on Boton para que cargue los siguientes meses, Vanesa clicks on Boton para que cargue los siguientes meses, Vanesa clicks on Boton para que cargue los siguientes meses, Vanesa clicks on Boton para que cargue los siguientes meses, Vanesa clicks on [[ChromeDriver: chrome on WINDOWS (91162612de852b6fa1e9faa3c2c0111f)] -> xpath: //*[@id="calendarContainer"]/div/div/div/div/div[2]/div[2]/div//div[3]//td/span], Vanesa clicks on [[ChromeDriver: chrome on WINDOWS (91162612de852b6fa1e9faa3c2c0111f)] -> xpath: //*[@id="calendarContainer"]/div/div/div/div/div[2]/div[2]/div//div[3]//td/span], Vanesa clicks on Boton para buscar los vuelos], Vanesa cambiar pestania], Then deberia ver una lista de vuelos disponibles para el destino y las fechas especificadas [Then encontro vuelodisponible, Vanesa seleccionar vuelo [Vanesa clicks on [[ChromeDriver: chrome on WINDOWS (91162612de852b6fa1e9faa3c2c0111f)] -> xpath: //*[@id="CenterWrapperBodyFlights"]/ol/li]]]
[Test worker] WARN net.thucydides.core.steps.BaseStepListener - stepStarted: net.thucydides.core.steps.ExecutedStepDescription@5db3d57c
[Test worker] WARN net.thucydides.core.steps.BaseStepListener - stepFinished: current outcome:Automatizacion de busqueda de vuelos en Latam Airlines:Given Vanesa esta en la pagina de inicio de Latam Airlines [Vanesa opens the Pagina inicial], When Ella ingresa los siguientes detalles de la reserva
| atrOrigen | atrDestino | atrFechaIda | atrFechaVuelta | atrPasajero |
| Alfonso Bonilla Aragon | El dorado | 22 junio 2024 | 30 junio 2024 | 1 | [Vanesa agregar informacion vuelo [Vanesa clicks on Donde escribimos el origen del vuelo, Vanesa enters 'Alfonso Bonilla Aragon' into Donde escribimos el origen del vuelo, Vanesa types 'ARROW_DOWN' in Donde escribimos el origen del vuelo, Vanesa clicks on Donde , Vanesa enters 'El dorado' into Donde escribimos el destino del vuelo, Vanesa types 'ARROW_DOWN' in Donde escribimos el destino del vuelo, Vanesa clicks on Donde , Vanesa clicks on Donde escribimos la fecha de ida del vuelo, Vanesa clicks on Boton para que cargue los siguientes meses, Vanesa clicks on Boton para que cargue los siguientes meses, Vanesa clicks on Boton para que cargue los siguientes meses, Vanesa clicks on Boton para que cargue los siguientes meses, Vanesa clicks on Boton para que cargue los siguientes meses, Vanesa clicks on Boton para que cargue los siguientes meses, Vanesa clicks on Boton para que cargue los siguientes meses, Vanesa clicks on Boton para que cargue los siguientes meses, Vanesa clicks on Boton para que cargue los siguientes meses, Vanesa clicks on [[ChromeDriver: chrome on WINDOWS (91162612de852b6fa1e9faa3c2c0111f)] -> xpath: //*[@id="calendarContainer"]/div/div/div/div/div[2]/div[2]/div//div[3]//td/span], Vanesa clicks on [[ChromeDriver: chrome on WINDOWS (91162612de852b6fa1e9faa3c2c0111f)] -> xpath: //*[@id="calendarContainer"]/div/div/div/div/div[2]/div[2]/div//div[3]//td/span], Vanesa clicks on Boton para buscar los vuelos], Vanesa cambiar pestania], Then deberia ver una lista de vuelos disponibles para el destino y las fechas especificadas [Then encontro vuelodisponible, Vanesa seleccionar vuelo [Vanesa clicks on [[ChromeDriver: chrome on WINDOWS (91162612de852b6fa1e9faa3c2c0111f)] -> xpath: //*[@id="CenterWrapperBodyFlights"]/ol/li], Vanesa clicks on Boton para buscar los vuelos]]
[Test worker] WARN net.thucydides.core.steps.BaseStepListener - stepStarted: net.thucydides.core.steps.ExecutedStepDescription@69796bd0
[Test worker] WARN net.thucydides.core.steps.BaseStepListener - stepFinished: current outcome:Automatizacion de busqueda de vuelos en Latam Airlines:Given Vanesa esta en la pagina de inicio de Latam Airlines [Vanesa opens the Pagina inicial], When Ella ingresa los siguientes detalles de la reserva
| atrOrigen | atrDestino | atrFechaIda | atrFechaVuelta | atrPasajero |
| Alfonso Bonilla Aragon | El dorado | 22 junio 2024 | 30 junio 2024 | 1 | [Vanesa agregar informacion vuelo [Vanesa clicks on Donde escribimos el origen del vuelo, Vanesa enters 'Alfonso Bonilla Aragon' into Donde escribimos el origen del vuelo, Vanesa types 'ARROW_DOWN' in Donde escribimos el origen del vuelo, Vanesa clicks on Donde , Vanesa enters 'El dorado' into Donde escribimos el destino del vuelo, Vanesa types 'ARROW_DOWN' in Donde escribimos el destino del vuelo, Vanesa clicks on Donde , Vanesa clicks on Donde escribimos la fecha de ida del vuelo, Vanesa clicks on Boton para que cargue los siguientes meses, Vanesa clicks on Boton para que cargue los siguientes meses, Vanesa clicks on Boton para que cargue los siguientes meses, Vanesa clicks on Boton para que cargue los siguientes meses, Vanesa clicks on Boton para que cargue los siguientes meses, Vanesa clicks on Boton para que cargue los siguientes meses, Vanesa clicks on Boton para que cargue los siguientes meses, Vanesa clicks on Boton para que cargue los siguientes meses, Vanesa clicks on Boton para que cargue los siguientes meses, Vanesa clicks on [[ChromeDriver: chrome on WINDOWS (91162612de852b6fa1e9faa3c2c0111f)] -> xpath: //*[@id="calendarContainer"]/div/div/div/div/div[2]/div[2]/div//div[3]//td/span], Vanesa clicks on [[ChromeDriver: chrome on WINDOWS (91162612de852b6fa1e9faa3c2c0111f)] -> xpath: //*[@id="calendarContainer"]/div/div/div/div/div[2]/div[2]/div//div[3]//td/span], Vanesa clicks on Boton para buscar los vuelos], Vanesa cambiar pestania], Then deberia ver una lista de vuelos disponibles para el destino y las fechas especificadas [Then encontro vuelodisponible, Vanesa seleccionar vuelo [Vanesa clicks on [[ChromeDriver: chrome on WINDOWS (91162612de852b6fa1e9faa3c2c0111f)] -> xpath: //*[@id="CenterWrapperBodyFlights"]/ol/li], Vanesa clicks on Boton para buscar los vuelos, Vanesa clicks on Boton para buscar los vuelos]]
[Test worker] WARN net.thucydides.core.steps.BaseStepListener - stepFinished: current outcome:Automatizacion de busqueda de vuelos en Latam Airlines:Given Vanesa esta en la pagina de inicio de Latam Airlines [Vanesa opens the Pagina inicial], When Ella ingresa los siguientes detalles de la reserva
| atrOrigen | atrDestino | atrFechaIda | atrFechaVuelta | atrPasajero |
| Alfonso Bonilla Aragon | El dorado | 22 junio 2024 | 30 junio 2024 | 1 | [Vanesa agregar informacion vuelo [Vanesa clicks on Donde escribimos el origen del vuelo, Vanesa enters 'Alfonso Bonilla Aragon' into Donde escribimos el origen del vuelo, Vanesa types 'ARROW_DOWN' in Donde escribimos el origen del vuelo, Vanesa clicks on Donde , Vanesa enters 'El dorado' into Donde escribimos el destino del vuelo, Vanesa types 'ARROW_DOWN' in Donde escribimos el destino del vuelo, Vanesa clicks on Donde , Vanesa clicks on Donde escribimos la fecha de ida del vuelo, Vanesa clicks on Boton para que cargue los siguientes meses, Vanesa clicks on Boton para que cargue los siguientes meses, Vanesa clicks on Boton para que cargue los siguientes meses, Vanesa clicks on Boton para que cargue los siguientes meses, Vanesa clicks on Boton para que cargue los siguientes meses, Vanesa clicks on Boton para que cargue los siguientes meses, Vanesa clicks on Boton para que cargue los siguientes meses, Vanesa clicks on Boton para que cargue los siguientes meses, Vanesa clicks on Boton para que cargue los siguientes meses, Vanesa clicks on [[ChromeDriver: chrome on WINDOWS (91162612de852b6fa1e9faa3c2c0111f)] -> xpath: //*[@id="calendarContainer"]/div/div/div/div/div[2]/div[2]/div//div[3]//td/span], Vanesa clicks on [[ChromeDriver: chrome on WINDOWS (91162612de852b6fa1e9faa3c2c0111f)] -> xpath: //*[@id="calendarContainer"]/div/div/div/div/div[2]/div[2]/div//div[3]//td/span], Vanesa clicks on Boton para buscar los vuelos], Vanesa cambiar pestania], Then deberia ver una lista de vuelos disponibles para el destino y las fechas especificadas [Then encontro vuelodisponible, Vanesa seleccionar vuelo [Vanesa clicks on [[ChromeDriver: chrome on WINDOWS (91162612de852b6fa1e9faa3c2c0111f)] -> xpath: //*[@id="CenterWrapperBodyFlights"]/ol/li], Vanesa clicks on Boton para buscar los vuelos, Vanesa clicks on Boton para buscar los vuelos]]
[Test worker] WARN net.thucydides.core.steps.BaseStepListener - stepStarted: net.thucydides.core.steps.ExecutedStepDescription@118041c7
[Test worker] WARN net.thucydides.core.steps.BaseStepListener - stepFinished: current outcome:Automatizacion de busqueda de vuelos en Latam Airlines:Given Vanesa esta en la pagina de inicio de Latam Airlines [Vanesa opens the Pagina inicial], When Ella ingresa los siguientes detalles de la reserva
| atrOrigen | atrDestino | atrFechaIda | atrFechaVuelta | atrPasajero |
| Alfonso Bonilla Aragon | El dorado | 22 junio 2024 | 30 junio 2024 | 1 | [Vanesa agregar informacion vuelo [Vanesa clicks on Donde escribimos el origen del vuelo, Vanesa enters 'Alfonso Bonilla Aragon' into Donde escribimos el origen del vuelo, Vanesa types 'ARROW_DOWN' in Donde escribimos el origen del vuelo, Vanesa clicks on Donde , Vanesa enters 'El dorado' into Donde escribimos el destino del vuelo, Vanesa types 'ARROW_DOWN' in Donde escribimos el destino del vuelo, Vanesa clicks on Donde , Vanesa clicks on Donde escribimos la fecha de ida del vuelo, Vanesa clicks on Boton para que cargue los siguientes meses, Vanesa clicks on Boton para que cargue los siguientes meses, Vanesa clicks on Boton para que cargue los siguientes meses, Vanesa clicks on Boton para que cargue los siguientes meses, Vanesa clicks on Boton para que cargue los siguientes meses, Vanesa clicks on Boton para que cargue los siguientes meses, Vanesa clicks on Boton para que cargue los siguientes meses, Vanesa clicks on Boton para que cargue los siguientes meses, Vanesa clicks on Boton para que cargue los siguientes meses, Vanesa clicks on [[ChromeDriver: chrome on WINDOWS (91162612de852b6fa1e9faa3c2c0111f)] -> xpath: //*[@id="calendarContainer"]/div/div/div/div/div[2]/div[2]/div//div[3]//td/span], Vanesa clicks on [[ChromeDriver: chrome on WINDOWS (91162612de852b6fa1e9faa3c2c0111f)] -> xpath: //*[@id="calendarContainer"]/div/div/div/div/div[2]/div[2]/div//div[3]//td/span], Vanesa clicks on Boton para buscar los vuelos], Vanesa cambiar pestania], Then deberia ver una lista de vuelos disponibles para el destino y las fechas especificadas [Then encontro vuelodisponible, Vanesa seleccionar vuelo [Vanesa clicks on [[ChromeDriver: chrome on WINDOWS (91162612de852b6fa1e9faa3c2c0111f)] -> xpath: //*[@id="CenterWrapperBodyFlights"]/ol/li], Vanesa clicks on Boton para buscar los vuelos, Vanesa clicks on Boton para buscar los vuelos], Then encontro vuelodisponible]
[Test worker] WARN net.thucydides.core.steps.BaseStepListener - stepFinished: current outcome:Automatizacion de busqueda de vuelos en Latam Airlines:Given Vanesa esta en la pagina de inicio de Latam Airlines [Vanesa opens the Pagina inicial], When Ella ingresa los siguientes detalles de la reserva
| atrOrigen | atrDestino | atrFechaIda | atrFechaVuelta | atrPasajero |
| Alfonso Bonilla Aragon | El dorado | 22 junio 2024 | 30 junio 2024 | 1 | [Vanesa agregar informacion vuelo [Vanesa clicks on Donde escribimos el origen del vuelo, Vanesa enters 'Alfonso Bonilla Aragon' into Donde escribimos el origen del vuelo, Vanesa types 'ARROW_DOWN' in Donde escribimos el origen del vuelo, Vanesa clicks on Donde , Vanesa enters 'El dorado' into Donde escribimos el destino del vuelo, Vanesa types 'ARROW_DOWN' in Donde escribimos el destino del vuelo, Vanesa clicks on Donde , Vanesa clicks on Donde escribimos la fecha de ida del vuelo, Vanesa clicks on Boton para que cargue los siguientes meses, Vanesa clicks on Boton para que cargue los siguientes meses, Vanesa clicks on Boton para que cargue los siguientes meses, Vanesa clicks on Boton para que cargue los siguientes meses, Vanesa clicks on Boton para que cargue los siguientes meses, Vanesa clicks on Boton para que cargue los siguientes meses, Vanesa clicks on Boton para que cargue los siguientes meses, Vanesa clicks on Boton para que cargue los siguientes meses, Vanesa clicks on Boton para que cargue los siguientes meses, Vanesa clicks on [[ChromeDriver: chrome on WINDOWS (91162612de852b6fa1e9faa3c2c0111f)] -> xpath: //*[@id="calendarContainer"]/div/div/div/div/div[2]/div[2]/div//div[3]//td/span], Vanesa clicks on [[ChromeDriver: chrome on WINDOWS (91162612de852b6fa1e9faa3c2c0111f)] -> xpath: //*[@id="calendarContainer"]/div/div/div/div/div[2]/div[2]/div//div[3]//td/span], Vanesa clicks on Boton para buscar los vuelos], Vanesa cambiar pestania], Then deberia ver una lista de vuelos disponibles para el destino y las fechas especificadas [Then encontro vuelodisponible, Vanesa seleccionar vuelo [Vanesa clicks on [[ChromeDriver: chrome on WINDOWS (91162612de852b6fa1e9faa3c2c0111f)] -> xpath: //*[@id="CenterWrapperBodyFlights"]/ol/li], Vanesa clicks on Boton para buscar los vuelos, Vanesa clicks on Boton para buscar los vuelos], Then encontro vuelodisponible]
[Test worker] WARN net.thucydides.core.steps.BaseStepListener - testFinished: Automatizacion de busqueda de vuelos en Latam Airlines:Given Vanesa esta en la pagina de inicio de Latam Airlines [Vanesa opens the Pagina inicial], When Ella ingresa los siguientes detalles de la reserva
| atrOrigen | atrDestino | atrFechaIda | atrFechaVuelta | atrPasajero |
| Alfonso Bonilla Aragon | El dorado | 22 junio 2024 | 30 junio 2024 | 1 | [Vanesa agregar informacion vuelo [Vanesa clicks on Donde escribimos el origen del vuelo, Vanesa enters 'Alfonso Bonilla Aragon' into Donde escribimos el origen del vuelo, Vanesa types 'ARROW_DOWN' in Donde escribimos el origen del vuelo, Vanesa clicks on Donde , Vanesa enters 'El dorado' into Donde escribimos el destino del vuelo, Vanesa types 'ARROW_DOWN' in Donde escribimos el destino del vuelo, Vanesa clicks on Donde , Vanesa clicks on Donde escribimos la fecha de ida del vuelo, Vanesa clicks on Boton para que cargue los siguientes meses, Vanesa clicks on Boton para que cargue los siguientes meses, Vanesa clicks on Boton para que cargue los siguientes meses, Vanesa clicks on Boton para que cargue los siguientes meses, Vanesa clicks on Boton para que cargue los siguientes meses, Vanesa clicks on Boton para que cargue los siguientes meses, Vanesa clicks on Boton para que cargue los siguientes meses, Vanesa clicks on Boton para que cargue los siguientes meses, Vanesa clicks on Boton para que cargue los siguientes meses, Vanesa clicks on [[ChromeDriver: chrome on WINDOWS (91162612de852b6fa1e9faa3c2c0111f)] -> xpath: //*[@id="calendarContainer"]/div/div/div/div/div[2]/div[2]/div//div[3]//td/span], Vanesa clicks on [[ChromeDriver: chrome on WINDOWS (91162612de852b6fa1e9faa3c2c0111f)] -> xpath: //*[@id="calendarContainer"]/div/div/div/div/div[2]/div[2]/div//div[3]//td/span], Vanesa clicks on Boton para buscar los vuelos], Vanesa cambiar pestania], Then deberia ver una lista de vuelos disponibles para el destino y las fechas especificadas [Then encontro vuelodisponible, Vanesa seleccionar vuelo [Vanesa clicks on [[ChromeDriver: chrome on WINDOWS (91162612de852b6fa1e9faa3c2c0111f)] -> xpath: //*[@id="CenterWrapperBodyFlights"]/ol/li], Vanesa clicks on Boton para buscar los vuelos, Vanesa clicks on Boton para buscar los vuelos], Then encontro vuelodisponible]
[Test worker] WARN net.thucydides.core.steps.BaseStepListener - TestOutcomes: [Automatizacion de busqueda de vuelos en Latam Airlines:Given Vanesa esta en la pagina de inicio de Latam Airlines [Vanesa opens the Pagina inicial], When Ella ingresa los siguientes detalles de la reserva
| atrOrigen | atrDestino | atrFechaIda | atrFechaVuelta | atrPasajero |
| Alfonso Bonilla Aragon | El dorado | 22 junio 2024 | 30 junio 2024 | 1 | [Vanesa agregar informacion vuelo [Vanesa clicks on Donde escribimos el origen del vuelo, Vanesa enters 'Alfonso Bonilla Aragon' into Donde escribimos el origen del vuelo, Vanesa types 'ARROW_DOWN' in Donde escribimos el origen del vuelo, Vanesa clicks on Donde , Vanesa enters 'El dorado' into Donde escribimos el destino del vuelo, Vanesa types 'ARROW_DOWN' in Donde escribimos el destino del vuelo, Vanesa clicks on Donde , Vanesa clicks on Donde escribimos la fecha de ida del vuelo, Vanesa clicks on Boton para que cargue los siguientes meses, Vanesa clicks on Boton para que cargue los siguientes meses, Vanesa clicks on Boton para que cargue los siguientes meses, Vanesa clicks on Boton para que cargue los siguientes meses, Vanesa clicks on Boton para que cargue los siguientes meses, Vanesa clicks on Boton para que cargue los siguientes meses, Vanesa clicks on Boton para que cargue los siguientes meses, Vanesa clicks on Boton para que cargue los siguientes meses, Vanesa clicks on Boton para que cargue los siguientes meses, Vanesa clicks on [[ChromeDriver: chrome on WINDOWS (91162612de852b6fa1e9faa3c2c0111f)] -> xpath: //*[@id="calendarContainer"]/div/div/div/div/div[2]/div[2]/div//div[3]//td/span], Vanesa clicks on [[ChromeDriver: chrome on WINDOWS (91162612de852b6fa1e9faa3c2c0111f)] -> xpath: //*[@id="calendarContainer"]/div/div/div/div/div[2]/div[2]/div//div[3]//td/span], Vanesa clicks on Boton para buscar los vuelos], Vanesa cambiar pestania], Then deberia ver una lista de vuelos disponibles para el destino y las fechas especificadas [Then encontro vuelodisponible, Vanesa seleccionar vuelo [Vanesa clicks on [[ChromeDriver: chrome on WINDOWS (91162612de852b6fa1e9faa3c2c0111f)] -> xpath: //*[@id="CenterWrapperBodyFlights"]/ol/li], Vanesa clicks on Boton para buscar los vuelos, Vanesa clicks on Boton para buscar los vuelos], Then encontro vuelodisponible]]
[Test worker] WARN net.thucydides.core.steps.BaseStepListener - Final testOutcomes: [Automatizacion de busqueda de vuelos en Latam Airlines:Given Vanesa esta en la pagina de inicio de Latam Airlines [Vanesa opens the Pagina inicial], When Ella ingresa los siguientes detalles de la reserva
| atrOrigen | atrDestino | atrFechaIda | atrFechaVuelta | atrPasajero |
| Alfonso Bonilla Aragon | El dorado | 22 junio 2024 | 30 junio 2024 | 1 | [Vanesa agregar informacion vuelo [Vanesa clicks on Donde escribimos el origen del vuelo, Vanesa enters 'Alfonso Bonilla Aragon' into Donde escribimos el origen del vuelo, Vanesa types 'ARROW_DOWN' in Donde escribimos el origen del vuelo, Vanesa clicks on Donde , Vanesa enters 'El dorado' into Donde escribimos el destino del vuelo, Vanesa types 'ARROW_DOWN' in Donde escribimos el destino del vuelo, Vanesa clicks on Donde , Vanesa clicks on Donde escribimos la fecha de ida del vuelo, Vanesa clicks on Boton para que cargue los siguientes meses, Vanesa clicks on Boton para que cargue los siguientes meses, Vanesa clicks on Boton para que cargue los siguientes meses, Vanesa clicks on Boton para que cargue los siguientes meses, Vanesa clicks on Boton para que cargue los siguientes meses, Vanesa clicks on Boton para que cargue los siguientes meses, Vanesa clicks on Boton para que cargue los siguientes meses, Vanesa clicks on Boton para que cargue los siguientes meses, Vanesa clicks on Boton para que cargue los siguientes meses, Vanesa clicks on [[ChromeDriver: chrome on WINDOWS (91162612de852b6fa1e9faa3c2c0111f)] -> xpath: //*[@id="calendarContainer"]/div/div/div/div/div[2]/div[2]/div//div[3]//td/span], Vanesa clicks on [[ChromeDriver: chrome on WINDOWS (91162612de852b6fa1e9faa3c2c0111f)] -> xpath: //*[@id="calendarContainer"]/div/div/div/div/div[2]/div[2]/div//div[3]//td/span], Vanesa clicks on Boton para buscar los vuelos], Vanesa cambiar pestania], Then deberia ver una lista de vuelos disponibles para el destino y las fechas especificadas [Then encontro vuelodisponible, Vanesa seleccionar vuelo [Vanesa clicks on [[ChromeDriver: chrome on WINDOWS (91162612de852b6fa1e9faa3c2c0111f)] -> xpath: //*[@id="CenterWrapperBodyFlights"]/ol/li], Vanesa clicks on Boton para buscar los vuelos, Vanesa clicks on Boton para buscar los vuelos], Then encontro vuelodisponible]]
[Test worker] INFO net.thucydides.core.steps.ConsoleLoggingListener - 
        __    _____ _____ ____ _____   ____   _    ____  ____  _____ ____  
  _     \ \  |_   _| ____/ ___|_   _| |  _ \ / \  / ___|/ ___|| ____|  _ \ 
 (_)_____| |   | | |  _| \___ \ | |   | |_) / _ \ \___ \\___ \|  _| | | | |
  _|_____| |   | | | |___ ___) || |   |  __/ ___ \ ___) |___) | |___| |_| |
 (_)     | |   |_| |_____|____/ |_|   |_| /_/   \_\____/|____/|_____|____/ 
        /_/                                                                

TEST PASSED: Automatizacion de busqueda de vuelos en Latam Airlines
----------------------------------------------------------------------------
]]></system-err>
</testsuite>
